2020-07-23 11:35:04,519 INFO com.cricket.packages.CricketApplication [main] Starting CricketApplication on f8ffc25cf6b0 with PID 57444 (/Users/Z002R16/programs/cricket-service/build/classes/java/main started by Z002R16 in /Users/Z002R16/programs/cricket-service)
2020-07-23 11:35:04,521 INFO com.cricket.packages.CricketApplication [main] No active profile set, falling back to default profiles: default
2020-07-23 11:35:05,436 INFO org.springframework.data.repository.config.RepositoryConfigurationDelegate [main] Bootstrapping Spring Data MongoDB repositories in DEFAULT mode.
2020-07-23 11:35:05,462 INFO org.springframework.data.repository.config.RepositoryConfigurationDelegate [main] Finished Spring Data repository scanning in 21ms. Found 0 MongoDB repository interfaces.
2020-07-23 11:35:06,072 INFO org.springframework.boot.web.embedded.tomcat.TomcatWebServer [main] Tomcat initialized with port(s): 7070 (http)
2020-07-23 11:35:06,082 INFO org.apache.coyote.http11.Http11NioProtocol [main] Initializing ProtocolHandler ["http-nio-7070"]
2020-07-23 11:35:06,083 INFO org.apache.catalina.core.StandardService [main] Starting service [Tomcat]
2020-07-23 11:35:06,084 INFO org.apache.catalina.core.StandardEngine [main] Starting Servlet engine: [Apache Tomcat/9.0.30]
2020-07-23 11:35:06,152 INFO org.apache.catalina.core.ContainerBase.[Tomcat].[localhost].[/] [main] Initializing Spring embedded WebApplicationContext
2020-07-23 11:35:06,153 INFO org.springframework.web.context.ContextLoader [main] Root WebApplicationContext: initialization completed in 1572 ms
2020-07-23 11:35:06,454 INFO org.mongodb.driver.cluster [main] Cluster created with settings {hosts=[localhost:27017], mode=MULTIPLE, requiredClusterType=UNKNOWN, serverSelectionTimeout='30000 ms', maxWaitQueueSize=500}
2020-07-23 11:35:06,454 INFO org.mongodb.driver.cluster [main] Adding discovered server localhost:27017 to client view of cluster
2020-07-23 11:35:06,713 INFO org.mongodb.driver.connection [cluster-ClusterId{value='5f19289210b75b44a1532035', description='null'}-localhost:27017] Opened connection [connectionId{localValue:1, serverValue:3}] to localhost:27017
2020-07-23 11:35:06,718 INFO org.mongodb.driver.cluster [cluster-ClusterId{value='5f19289210b75b44a1532035', description='null'}-localhost:27017] Monitor thread successfully connected to server with description ServerDescription{address=localhost:27017, type=STANDALONE, state=CONNECTED, ok=true, version=ServerVersion{versionList=[4, 2, 8]}, minWireVersion=0, maxWireVersion=8, maxDocumentSize=16777216, logicalSessionTimeoutMinutes=30, roundTripTimeNanos=3457221}
2020-07-23 11:35:06,719 INFO org.mongodb.driver.cluster [cluster-ClusterId{value='5f19289210b75b44a1532035', description='null'}-localhost:27017] Discovered cluster type of STANDALONE
2020-07-23 11:35:07,165 INFO org.springframework.security.web.DefaultSecurityFilterChain [main] Creating filter chain: Ant [pattern='/user-registration'], []
2020-07-23 11:35:07,165 INFO org.springframework.security.web.DefaultSecurityFilterChain [main] Creating filter chain: Ant [pattern='/forget-password'], []
2020-07-23 11:35:07,165 INFO org.springframework.security.web.DefaultSecurityFilterChain [main] Creating filter chain: Ant [pattern='/reset'], []
2020-07-23 11:35:07,165 INFO org.springframework.security.web.DefaultSecurityFilterChain [main] Creating filter chain: Ant [pattern='/feedback'], []
2020-07-23 11:35:07,165 INFO org.springframework.security.web.DefaultSecurityFilterChain [main] Creating filter chain: Ant [pattern='/validate/*'], []
2020-07-23 11:35:07,193 INFO org.springframework.security.web.DefaultSecurityFilterChain [main] Creating filter chain: any request, [org.springframework.security.web.context.request.async.WebAsyncManagerIntegrationFilter@7c20cdd0, org.springframework.security.web.context.SecurityContextPersistenceFilter@3a3ed300, org.springframework.security.web.header.HeaderWriterFilter@7cfac39f, org.springframework.web.filter.CorsFilter@74606204, org.springframework.security.web.authentication.logout.LogoutFilter@10272bbb, org.springframework.security.web.authentication.www.BasicAuthenticationFilter@53c99b09, org.springframework.security.web.savedrequest.RequestCacheAwareFilter@39f5b723, org.springframework.security.web.servletapi.SecurityContextHolderAwareRequestFilter@27a09971, org.springframework.security.web.authentication.AnonymousAuthenticationFilter@6b6eae52, org.springframework.security.web.session.SessionManagementFilter@3472947a, org.springframework.security.web.access.ExceptionTranslationFilter@64942607, org.springframework.security.web.access.intercept.FilterSecurityInterceptor@294f9d50]
2020-07-23 11:35:07,499 INFO org.springframework.boot.actuate.endpoint.web.EndpointLinksResolver [main] Exposing 2 endpoint(s) beneath base path '/actuator'
2020-07-23 11:35:07,529 INFO org.apache.coyote.http11.Http11NioProtocol [main] Starting ProtocolHandler ["http-nio-7070"]
2020-07-23 11:35:07,558 INFO org.springframework.boot.web.embedded.tomcat.TomcatWebServer [main] Tomcat started on port(s): 7070 (http) with context path ''
2020-07-23 11:35:07,561 INFO com.cricket.packages.CricketApplication [main] Started CricketApplication in 3.364 seconds (JVM running for 3.953)
